[2m2026-04-21T08:45:15.136955Z[0m [34mDEBUG[0m [2mglycin::gobject[0m[2m:[0m Initialized logging
[2m2026-04-21T08:45:15.137681Z[0m [34mDEBUG[0m [2mglycin::sandbox[0m[2m:[0m Testing bwrap availability with: "bwrap" "--unshare-all" "--die-with-parent" "--chdir" "/" "--ro-bind" "/usr" "/usr" "--dev" "/dev" "--ro-bind-try" "/etc/ld.so.cache" "/etc/ld.so.cache" "--ro-bind-try" "/nix/store" "/nix/store" "--tmpfs" "/tmp-home" "--tmpfs" "/tmp-run" "--clearenv" "--setenv" "HOME" "/tmp-home" "--setenv" "XDG_RUNTIME_DIR" "/tmp-run" "--setenv" "RUST_LOG" "debug" "--setenv" "XDG_RUNTIME_DIR" "/run/user/1000" "--symlink" "/usr/lib" "/lib" "--symlink" "/usr/lib64" "/lib64" "--seccomp" "25" "/usr/bin/true"
[2m2026-04-21T08:45:15.143342Z[0m [34mDEBUG[0m [2mglycin::sandbox[0m[2m:[0m bwrap availability test returned: Output { status: ExitStatus(unix_wait_status(0)), stdout: "", stderr: "Setting process memory limit\n" } (Signal: None, Code: Some(0))
[2m2026-04-21T08:45:15.143361Z[0m [34mDEBUG[0m [2mglycin::sandbox[0m[2m:[0m bwrap sandboxing available: true
[2m2026-04-21T08:45:15.143370Z[0m [34mDEBUG[0m [2mglycin::pool[0m[2m:[0m No existing loader/editor in pool. Spawning new one.
[2m2026-04-21T08:45:15.143752Z[0m [34mDEBUG[0m [2mglycin::sandbox[0m[2m:[0m Couldn't canonicalize path "/home/zenithth/.fontconfig": No such file or directory (os error 2)
[2m2026-04-21T08:45:15.143770Z[0m [34mDEBUG[0m [2mglycin::sandbox[0m[2m:[0m Couldn't canonicalize path "/home/zenithth/.fonts": No such file or directory (os error 2)
[2m2026-04-21T08:45:15.143777Z[0m [34mDEBUG[0m [2mglycin::sandbox[0m[2m:[0m Couldn't canonicalize path "/home/zenithth/.local/share/flatpak/exports/share/fonts": No such file or directory (os error 2)
[2m2026-04-21T08:45:15.143784Z[0m [34mDEBUG[0m [2mglycin::sandbox[0m[2m:[0m Couldn't canonicalize path "/home/zenithth/.local/share/fonts": No such file or directory (os error 2)
[2m2026-04-21T08:45:15.143796Z[0m [34mDEBUG[0m [2mglycin::sandbox[0m[2m:[0m Couldn't canonicalize path "/var/lib/flatpak/exports/share/fonts": No such file or directory (os error 2)
[2m2026-04-21T08:45:15.143902Z[0m [34mDEBUG[0m [2mglycin::dbus[0m[2m:[0m Spawning loader/editor:
    "bwrap" "--unshare-all" "--die-with-parent" "--chdir" "/" "--ro-bind" "/usr" "/usr" "--dev" "/dev" "--ro-bind-try" "/etc/ld.so.cache" "/etc/ld.so.cache" "--ro-bind-try" "/nix/store" "/nix/store" "--tmpfs" "/tmp-home" "--tmpfs" "/tmp-run" "--clearenv" "--setenv" "HOME" "/tmp-home" "--setenv" "XDG_RUNTIME_DIR" "/tmp-run" "--setenv" "RUST_LOG" "debug" "--setenv" "XDG_RUNTIME_DIR" "/run/user/1000" "--symlink" "/usr/lib" "/lib" "--symlink" "/usr/lib64" "/lib64" "--ro-bind-try" "/etc/fonts/conf.d" "/etc/fonts/conf.d" "--ro-bind-try" "/etc/fonts/fonts.conf" "/etc/fonts/fonts.conf" "--ro-bind-try" "/home/zenithth/.cache/fontconfig" "/home/zenithth/.cache/fontconfig" "--ro-bind-try" "/usr/lib/fontconfig/cache" "/usr/lib/fontconfig/cache" "--bind-try" "/home/zenithth/.cache/glycin/usr/libexec/glycin-loaders/2+/glycin-svg" "/home/zenithth/.cache/glycin/usr/libexec/glycin-loaders/2+/glycin-svg" "--setenv" "XDG_CACHE_HOME" "/home/zenithth/.cache/glycin/usr/libexec/glycin-loaders/2+/glycin-svg" "--seccomp" "26" "/usr/libexec/glycin-loaders/2+/glycin-svg" "--dbus-fd" "25"
[2m2026-04-21T08:45:15.145234Z[0m [34mDEBUG[0m [2mglycin::dbus[0m[2m:[0m Loader stderr: Setting process memory limit
[2m2026-04-21T08:45:15.151503Z[0m [34mDEBUG[0m [2mglycin::dbus[0m[2m:[0m Loader stderr: [2026-04-21T08:45:15.151Z INFO  glycin_utils::instruction_handler] Loader glycin-svg v2.0.4 startup
[2m2026-04-21T08:45:15.151518Z[0m [34mDEBUG[0m [2mglycin::dbus[0m[2m:[0m Loader stderr: [2026-04-21T08:45:15.151Z DEBUG glycin_utils::instruction_handler] Creating zbus connection to glycin
[2m2026-04-21T08:45:15.151682Z[0m [34mDEBUG[0m [2mglycin::dbus[0m[2m:[0m Loader stderr: [2026-04-21T08:45:15.151Z DEBUG glycin_utils::instruction_handler] D-Bus connection to glycin created
[2m2026-04-21T08:45:15.153189Z[0m [34mDEBUG[0m [2mglycin_utils::editing::change_memory_format[0m[2m:[0m Starting to transform image format from B8g8r8a8Premultiplied to R8g8b8a8
[2m2026-04-21T08:45:15.153657Z[0m [34mDEBUG[0m [2mglycin_utils::editing::change_memory_format[0m[2m:[0m Transformation completed after 458.467µs
[2m2026-04-21T08:45:15.153889Z[0m [34mDEBUG[0m [2mglycin::dbus[0m[2m:[0m Loader stderr: [2026-04-21T08:45:15.153Z DEBUG glycin_utils::dbus_loader_api] Disconnecting /org/gnome/glycin/image/1
[2m2026-04-21T08:45:15.153903Z[0m [34mDEBUG[0m [2mglycin::dbus[0m[2m:[0m Loader stderr: [2026-04-21T08:45:15.153Z DEBUG glycin_utils::dbus_loader_api] Removed /org/gnome/glycin/image/1
[2m2026-04-21T08:45:15.154902Z[0m [34mDEBUG[0m [2mglycin::pool[0m[2m:[0m Using existing loader from pool.
[2m2026-04-21T08:45:15.155391Z[0m [34mDEBUG[0m [2mglycin_utils::editing::change_memory_format[0m[2m:[0m Starting to transform image format from B8g8r8a8Premultiplied to R8g8b8a8
[2m2026-04-21T08:45:15.155725Z[0m [34mDEBUG[0m [2mglycin_utils::editing::change_memory_format[0m[2m:[0m Transformation completed after 323.636µs
[2m2026-04-21T08:45:15.155845Z[0m [34mDEBUG[0m [2mglycin::dbus[0m[2m:[0m Loader stderr: [2026-04-21T08:45:15.155Z DEBUG glycin_utils::dbus_loader_api] Disconnecting /org/gnome/glycin/image/2
[2m2026-04-21T08:45:15.155860Z[0m [34mDEBUG[0m [2mglycin::dbus[0m[2m:[0m Loader stderr: [2026-04-21T08:45:15.155Z DEBUG glycin_utils::dbus_loader_api] Removed /org/gnome/glycin/image/2
[2m2026-04-21T08:45:15.156294Z[0m [34mDEBUG[0m [2mglycin::pool[0m[2m:[0m Using existing loader from pool.
[2m2026-04-21T08:45:15.156766Z[0m [34mDEBUG[0m [2mglycin_utils::editing::change_memory_format[0m[2m:[0m Starting to transform image format from B8g8r8a8Premultiplied to R8g8b8a8
[2m2026-04-21T08:45:15.157149Z[0m [34mDEBUG[0m [2mglycin_utils::editing::change_memory_format[0m[2m:[0m Transformation completed after 373.061µs
[2m2026-04-21T08:45:15.157266Z[0m [34mDEBUG[0m [2mglycin::dbus[0m[2m:[0m Loader stderr: [2026-04-21T08:45:15.157Z DEBUG glycin_utils::dbus_loader_api] Disconnecting /org/gnome/glycin/image/3
[2m2026-04-21T08:45:15.157277Z[0m [34mDEBUG[0m [2mglycin::dbus[0m[2m:[0m Loader stderr: [2026-04-21T08:45:15.157Z DEBUG glycin_utils::dbus_loader_api] Removed /org/gnome/glycin/image/3
[2m2026-04-21T08:45:15.157696Z[0m [34mDEBUG[0m [2mglycin::pool[0m[2m:[0m Using existing loader from pool.
[2m2026-04-21T08:45:15.158108Z[0m [34mDEBUG[0m [2mglycin_utils::editing::change_memory_format[0m[2m:[0m Starting to transform image format from B8g8r8a8Premultiplied to R8g8b8a8
[2m2026-04-21T08:45:15.158421Z[0m [34mDEBUG[0m [2mglycin_utils::editing::change_memory_format[0m[2m:[0m Transformation completed after 306.872µs
[2m2026-04-21T08:45:15.158519Z[0m [34mDEBUG[0m [2mglycin::dbus[0m[2m:[0m Loader stderr: [2026-04-21T08:45:15.158Z DEBUG glycin_utils::dbus_loader_api] Disconnecting /org/gnome/glycin/image/4
[2m2026-04-21T08:45:15.158537Z[0m [34mDEBUG[0m [2mglycin::dbus[0m[2m:[0m Loader stderr: [2026-04-21T08:45:15.158Z DEBUG glycin_utils::dbus_loader_api] Removed /org/gnome/glycin/image/4
[2m2026-04-21T08:45:15.158803Z[0m [34mDEBUG[0m [2mglycin::pool[0m[2m:[0m Using existing loader from pool.
[2m2026-04-21T08:45:15.159160Z[0m [34mDEBUG[0m [2mglycin_utils::editing::change_memory_format[0m[2m:[0m Starting to transform image format from B8g8r8a8Premultiplied to R8g8b8a8
[2m2026-04-21T08:45:15.159465Z[0m [34mDEBUG[0m [2mglycin_utils::editing::change_memory_format[0m[2m:[0m Transformation completed after 296.65µs
[2m2026-04-21T08:45:15.159545Z[0m [34mDEBUG[0m [2mglycin::dbus[0m[2m:[0m Loader stderr: [2026-04-21T08:45:15.159Z DEBUG glycin_utils::dbus_loader_api] Disconnecting /org/gnome/glycin/image/5
[2m2026-04-21T08:45:15.159554Z[0m [34mDEBUG[0m [2mglycin::dbus[0m[2m:[0m Loader stderr: [2026-04-21T08:45:15.159Z DEBUG glycin_utils::dbus_loader_api] Removed /org/gnome/glycin/image/5
[2m2026-04-21T08:45:15.159832Z[0m [34mDEBUG[0m [2mglycin::pool[0m[2m:[0m Using existing loader from pool.
[2m2026-04-21T08:45:15.160197Z[0m [34mDEBUG[0m [2mglycin_utils::editing::change_memory_format[0m[2m:[0m Starting to transform image format from B8g8r8a8Premultiplied to R8g8b8a8
[2m2026-04-21T08:45:15.160735Z[0m [34mDEBUG[0m [2mglycin_utils::editing::change_memory_format[0m[2m:[0m Transformation completed after 522.336µs
[2m2026-04-21T08:45:15.160800Z[0m [34mDEBUG[0m [2mglycin::dbus[0m[2m:[0m Loader stderr: [2026-04-21T08:45:15.160Z DEBUG glycin_utils::dbus_loader_api] Disconnecting /org/gnome/glycin/image/6
[2m2026-04-21T08:45:15.160804Z[0m [34mDEBUG[0m [2mglycin::dbus[0m[2m:[0m Loader stderr: [2026-04-21T08:45:15.160Z DEBUG glycin_utils::dbus_loader_api] Removed /org/gnome/glycin/image/6
[2m2026-04-21T08:45:15.161161Z[0m [34mDEBUG[0m [2mglycin::pool[0m[2m:[0m Using existing loader from pool.
[2m2026-04-21T08:45:15.161477Z[0m [34mDEBUG[0m [2mglycin_utils::editing::change_memory_format[0m[2m:[0m Starting to transform image format from B8g8r8a8Premultiplied to R8g8b8a8
[2m2026-04-21T08:45:15.161773Z[0m [34mDEBUG[0m [2mglycin_utils::editing::change_memory_format[0m[2m:[0m Transformation completed after 287.667µs
[2m2026-04-21T08:45:15.161895Z[0m [34mDEBUG[0m [2mglycin::dbus[0m[2m:[0m Loader stderr: [2026-04-21T08:45:15.161Z DEBUG glycin_utils::dbus_loader_api] Disconnecting /org/gnome/glycin/image/7
[2m2026-04-21T08:45:15.161908Z[0m [34mDEBUG[0m [2mglycin::dbus[0m[2m:[0m Loader stderr: [2026-04-21T08:45:15.161Z DEBUG glycin_utils::dbus_loader_api] Removed /org/gnome/glycin/image/7
[2m2026-04-21T08:45:15.162173Z[0m [34mDEBUG[0m [2mglycin::pool[0m[2m:[0m Using existing loader from pool.
[2m2026-04-21T08:45:15.162516Z[0m [34mDEBUG[0m [2mglycin_utils::editing::change_memory_format[0m[2m:[0m Starting to transform image format from B8g8r8a8Premultiplied to R8g8b8a8
[2m2026-04-21T08:45:15.162823Z[0m [34mDEBUG[0m [2mglycin_utils::editing::change_memory_format[0m[2m:[0m Transformation completed after 298.703µs
[2m2026-04-21T08:45:15.162905Z[0m [34mDEBUG[0m [2mglycin::dbus[0m[2m:[0m Loader stderr: [2026-04-21T08:45:15.162Z DEBUG glycin_utils::dbus_loader_api] Disconnecting /org/gnome/glycin/image/8
[2m2026-04-21T08:45:15.162911Z[0m [34mDEBUG[0m [2mglycin::dbus[0m[2m:[0m Loader stderr: [2026-04-21T08:45:15.162Z DEBUG glycin_utils::dbus_loader_api] Removed /org/gnome/glycin/image/8
[2m2026-04-21T08:45:15.163294Z[0m [34mDEBUG[0m [2mglycin::pool[0m[2m:[0m Using existing loader from pool.
[2m2026-04-21T08:45:15.163713Z[0m [34mDEBUG[0m [2mglycin_utils::editing::change_memory_format[0m[2m:[0m Starting to transform image format from B8g8r8a8Premultiplied to R8g8b8a8
[2m2026-04-21T08:45:15.164041Z[0m [34mDEBUG[0m [2mglycin_utils::editing::change_memory_format[0m[2m:[0m Transformation completed after 322.165µs
[2m2026-04-21T08:45:15.164156Z[0m [34mDEBUG[0m [2mglycin::dbus[0m[2m:[0m Loader stderr: [2026-04-21T08:45:15.164Z DEBUG glycin_utils::dbus_loader_api] Disconnecting /org/gnome/glycin/image/9
[2m2026-04-21T08:45:15.164169Z[0m [34mDEBUG[0m [2mglycin::dbus[0m[2m:[0m Loader stderr: [2026-04-21T08:45:15.164Z DEBUG glycin_utils::dbus_loader_api] Removed /org/gnome/glycin/image/9

** (app:36943): WARNING **: 15:45:16.945: Failed to load inspector resource /org/webkit/inspector/UserInterface/json: The resource at “/org/webkit/inspector/UserInterface/json” does not exist

** (app:36943): WARNING **: 15:45:16.951: Failed to load inspector resource /org/webkit/inspector/UserInterface/json/version/: The resource at “/org/webkit/inspector/UserInterface/json/version/” does not exist
[2m2026-04-21T08:45:45.164350Z[0m [34mDEBUG[0m [2mglycin::pool[0m[2m:[0m Cleaning up loaders
[2m2026-04-21T08:45:45.164377Z[0m [34mDEBUG[0m [2mglycin::pool[0m[2m:[0m Loader "/usr/libexec/glycin-loaders/2+/glycin-svg": drop true users 0 (max 18446744073709551615), idle 30.000274215s (max 30s)
[2m2026-04-21T08:45:45.164385Z[0m [34mDEBUG[0m [2mglycin::pool[0m[2m:[0m Dropping loader "/usr/libexec/glycin-loaders/2+/glycin-svg" 1
[2m2026-04-21T08:45:45.164395Z[0m [34mDEBUG[0m [2mglycin::dbus[0m[2m:[0m Winding down process
[2m2026-04-21T08:45:45.164411Z[0m [34mDEBUG[0m [2mglycin::dbus[0m[2m:[0m Killing process due to cancellation (late): "bwrap" "--unshare-all" "--die-with-parent" "--chdir" "/" "--ro-bind" "/usr" "/usr" "--dev" "/dev" "--ro-bind-try" "/etc/ld.so.cache" "/etc/ld.so.cache" "--ro-bind-try" "/nix/store" "/nix/store" "--tmpfs" "/tmp-home" "--tmpfs" "/tmp-run" "--clearenv" "--setenv" "HOME" "/tmp-home" "--setenv" "XDG_RUNTIME_DIR" "/tmp-run" "--setenv" "RUST_LOG" "debug" "--setenv" "XDG_RUNTIME_DIR" "/run/user/1000" "--symlink" "/usr/lib" "/lib" "--symlink" "/usr/lib64" "/lib64" "--ro-bind-try" "/etc/fonts/conf.d" "/etc/fonts/conf.d" "--ro-bind-try" "/etc/fonts/fonts.conf" "/etc/fonts/fonts.conf" "--ro-bind-try" "/home/zenithth/.cache/fontconfig" "/home/zenithth/.cache/fontconfig" "--ro-bind-try" "/usr/lib/fontconfig/cache" "/usr/lib/fontconfig/cache" "--bind-try" "/home/zenithth/.cache/glycin/usr/libexec/glycin-loaders/2+/glycin-svg" "/home/zenithth/.cache/glycin/usr/libexec/glycin-loaders/2+/glycin-svg" "--setenv" "XDG_CACHE_HOME" "/home/zenithth/.cache/glycin/usr/libexec/glycin-loaders/2+/glycin-svg" "--seccomp" "26" "/usr/libexec/glycin-loaders/2+/glycin-svg" "--dbus-fd" "25"
[2m2026-04-21T08:45:45.164795Z[0m [34mDEBUG[0m [2mglycin::dbus[0m[2m:[0m Process exited: Some(None) Ok(ExitStatus(unix_wait_status(9)))
[2m2026-04-21T08:45:45.164808Z[0m [34mDEBUG[0m [2mglycin::dbus[0m[2m:[0m Failed to send process return value to coordinating thread: Ok(ExitStatus(unix_wait_status(9)))
[2m2026-04-21T08:45:45.165466Z[0m [34mDEBUG[0m [2mglycin::dbus[0m[2m:[0m stderr disconnected without error
[2m2026-04-21T08:45:45.165484Z[0m [34mDEBUG[0m [2mglycin::dbus[0m[2m:[0m stdout disconnected without error
